# JRE version: OpenJDK Runtime Environment (11.0.12+7) (build 11.0.12+7-b1504.28-7817840)
# Java VM: OpenJDK 64-Bit Server VM (11.0.12+7-b1504.28-7817840, mixed mode, tiered, compressed oops, g1 gc, windows-amd64)
Heap:
 garbage-first heap   total 397312K, used 220242K [0x0000000080000000, 0x0000000100000000)
  region size 1024K, 19 young (19456K), 8 survivors (8192K)
 Metaspace       used 180470K, capacity 184788K, committed 186696K, reserved 1212416K
  class space    used 21899K, capacity 23531K, committed 24064K, reserved 1048576K
GC Heap History (20 events):
Event: 1222.728 GC heap before
{Heap before GC invocations=135 (full 0):
 garbage-first heap   total 397312K, used 347136K [0x0000000080000000, 0x0000000100000000)
  region size 1024K, 19 young (19456K), 3 survivors (3072K)
 Metaspace       used 178190K, capacity 183213K, committed 183368K, reserved 1208320K
  class space    used 21951K, capacity 23808K, committed 23808K, reserved 1048576K
}
Event: 1222.759 GC heap after
{Heap after GC invocations=136 (full 0):
 garbage-first heap   total 397312K, used 348160K [0x0000000080000000, 0x0000000100000000)
  region size 1024K, 3 young (3072K), 3 survivors (3072K)
 Metaspace       used 178190K, capacity 183213K, committed 183368K, reserved 1208320K
  class space    used 21951K, capacity 23808K, committed 23808K, reserved 1048576K
}
Event: 1224.221 GC heap before
{Heap before GC invocations=137 (full 0):
 garbage-first heap   total 397312K, used 340992K [0x0000000080000000, 0x0000000100000000)
  region size 1024K, 19 young (19456K), 3 survivors (3072K)
 Metaspace       used 178310K, capacity 183348K, committed 183496K, reserved 1208320K
  class space    used 21951K, capacity 23809K, committed 23936K, reserved 1048576K
}
Event: 1224.238 GC heap after
{Heap after GC invocations=138 (full 0):
 garbage-first heap   total 397312K, used 330752K [0x0000000080000000, 0x0000000100000000)
  region size 1024K, 3 young (3072K), 3 survivors (3072K)
 Metaspace       used 178310K, capacity 183348K, committed 183496K, reserved 1208320K
  class space    used 21951K, capacity 23809K, committed 23936K, reserved 1048576K
}
Event: 1225.827 GC heap before
{Heap before GC invocations=138 (full 0):
 garbage-first heap   total 397312K, used 346112K [0x0000000080000000, 0x0000000100000000)
  region size 1024K, 19 young (19456K), 3 survivors (3072K)
 Metaspace       used 178431K, capacity 183465K, committed 183752K, reserved 1210368K
  class space    used 21958K, capacity 23820K, committed 23936K, reserved 1048576K
}
Event: 1225.853 GC heap after
{Heap after GC invocations=139 (full 0):
 garbage-first heap   total 397312K, used 305707K [0x0000000080000000, 0x0000000100000000)
  region size 1024K, 2 young (2048K), 2 survivors (2048K)
 Metaspace       used 178431K, capacity 183465K, committed 183752K, reserved 1210368K
  class space    used 21958K, capacity 23820K, committed 23936K, reserved 1048576K
}
Event: 1226.402 GC heap before
{Heap before GC invocations=139 (full 0):
 garbage-first heap   total 397312K, used 320043K [0x0000000080000000, 0x0000000100000000)
  region size 1024K, 18 young (18432K), 2 survivors (2048K)
 Metaspace       used 178435K, capacity 183465K, committed 183752K, reserved 1210368K
  class space    used 21958K, capacity 23820K, committed 23936K, reserved 1048576K
}
Event: 1226.412 GC heap after
{Heap after GC invocations=140 (full 0):
 garbage-first heap   total 397312K, used 305771K [0x0000000080000000, 0x0000000100000000)
  region size 1024K, 2 young (2048K), 2 survivors (2048K)
 Metaspace       used 178435K, capacity 183465K, committed 183752K, reserved 1210368K
  class space    used 21958K, capacity 23820K, committed 23936K, reserved 1048576K
}
Event: 1839.524 GC heap before
{Heap before GC invocations=141 (full 0):
 garbage-first heap   total 397312K, used 270955K [0x0000000080000000, 0x0000000100000000)
  region size 1024K, 23 young (23552K), 2 survivors (2048K)
 Metaspace       used 178491K, capacity 183529K, committed 183752K, reserved 1210368K
  class space    used 21958K, capacity 23820K, committed 23936K, reserved 1048576K
}
Event: 1839.533 GC heap after
{Heap after GC invocations=142 (full 0):
 garbage-first heap   total 397312K, used 230587K [0x0000000080000000, 0x0000000100000000)
  region size 1024K, 1 young (1024K), 1 survivors (1024K)
 Metaspace       used 178491K, capacity 183529K, committed 183752K, reserved 1210368K
  class space    used 21958K, capacity 23820K, committed 23936K, reserved 1048576K
}
Event: 2782.337 GC heap before
{Heap before GC invocations=142 (full 0):
 garbage-first heap   total 397312K, used 249019K [0x0000000080000000, 0x0000000100000000)
  region size 1024K, 19 young (19456K), 1 survivors (1024K)
 Metaspace       used 178509K, capacity 183529K, committed 183752K, reserved 1210368K
  class space    used 21958K, capacity 23820K, committed 23936K, reserved 1048576K
}
Event: 2782.370 GC heap after
{Heap after GC invocations=143 (full 0):
 garbage-first heap   total 397312K, used 200695K [0x0000000080000000, 0x0000000100000000)
  region size 1024K, 1 young (1024K), 1 survivors (1024K)
 Metaspace       used 178509K, capacity 183529K, committed 183752K, reserved 1210368K
  class space    used 21958K, capacity 23820K, committed 23936K, reserved 1048576K
}
Event: 3617.628 GC heap before
{Heap before GC invocations=143 (full 0):
 garbage-first heap   total 397312K, used 272375K [0x0000000080000000, 0x0000000100000000)
  region size 1024K, 72 young (73728K), 1 survivors (1024K)
 Metaspace       used 178841K, capacity 183974K, committed 184264K, reserved 1210368K
  class space    used 21996K, capacity 23889K, committed 23936K, reserved 1048576K
}
Event: 3617.679 GC heap after
{Heap after GC invocations=144 (full 0):
 garbage-first heap   total 397312K, used 206872K [0x0000000080000000, 0x0000000100000000)
  region size 1024K, 7 young (7168K), 7 survivors (7168K)
 Metaspace       used 178841K, capacity 183974K, committed 184264K, reserved 1210368K
  class space    used 21996K, capacity 23889K, committed 23936K, reserved 1048576K
}
Event: 3632.093 GC heap before
{Heap before GC invocations=145 (full 0):
 garbage-first heap   total 397312K, used 281624K [0x0000000080000000, 0x0000000100000000)
  region size 1024K, 81 young (82944K), 7 survivors (7168K)
 Metaspace       used 177496K, capacity 181724K, committed 184264K, reserved 1210368K
  class space    used 21674K, capacity 23299K, committed 23936K, reserved 1048576K
}
Event: 3632.148 GC heap after
{Heap after GC invocations=146 (full 0):
 garbage-first heap   total 397312K, used 214313K [0x0000000080000000, 0x0000000100000000)
  region size 1024K, 8 young (8192K), 8 survivors (8192K)
 Metaspace       used 177496K, capacity 181724K, committed 184264K, reserved 1210368K
  class space    used 21674K, capacity 23299K, committed 23936K, reserved 1048576K
}
Event: 3632.496 GC heap before
{Heap before GC invocations=146 (full 0):
 garbage-first heap   total 397312K, used 227625K [0x0000000080000000, 0x0000000100000000)
  region size 1024K, 19 young (19456K), 8 survivors (8192K)
 Metaspace       used 177517K, capacity 181799K, committed 184264K, reserved 1210368K
  class space    used 21676K, capacity 23301K, committed 23936K, reserved 1048576K
}
Event: 3632.606 GC heap after
{Heap after GC invocations=147 (full 0):
 garbage-first heap   total 397312K, used 204535K [0x0000000080000000, 0x0000000100000000)
  region size 1024K, 3 young (3072K), 3 survivors (3072K)
 Metaspace       used 177517K, capacity 181799K, committed 184264K, reserved 1210368K
  class space    used 21676K, capacity 23301K, committed 23936K, reserved 1048576K
}
Event: 3633.885 GC heap before
{Heap before GC invocations=147 (full 0):
 garbage-first heap   total 397312K, used 220919K [0x0000000080000000, 0x0000000100000000)
  region size 1024K, 20 young (20480K), 3 survivors (3072K)
 Metaspace       used 178196K, capacity 182508K, committed 184264K, reserved 1210368K
  class space    used 21719K, capacity 23369K, committed 23936K, reserved 1048576K
}
Event: 3633.911 GC heap after
{Heap after GC invocations=148 (full 0):
 garbage-first heap   total 397312K, used 208978K [0x0000000080000000, 0x0000000100000000)
  region size 1024K, 8 young (8192K), 8 survivors (8192K)
 Metaspace       used 178196K, capacity 182508K, committed 184264K, reserved 1210368K
  class space    used 21719K, capacity 23369K, committed 23936K, reserved 1048576K
}

